Build settings from command line:
    SDKROOT = iphonesimulator8.0

2014-10-08 11:21:10.995 xcodebuild[8142:d07] [MT] iPhoneSimulator: Unable to connect to "com.apple.instruments.deviceservice.lockdown" (Error Domain=com.apple.CoreSimulator.SimError Code=146 "Unable to lookup in current state: Shutdown" UserInfo=0x7fcda4e7b420 {NSLocalizedDescription=Unable to lookup in current state: Shutdown})
2014-10-08 11:21:11.422 xcodebuild[8142:4c47] stream error: stream error at offset 29: created by an unsupported XCDependencyGraph build
=== BUILD TARGET Example OF PROJECT Example WITH CONFIGURATION Debug ===

Check dependencies

CompileC /Users/example/Library/Developer/Xcode/DerivedData/Example-gzxkuommzsgsxicqlcnrrqgobshp/Build/Intermediates/Example.build/Debug-iphonesimulator/Example.build/Objects-normal/x86_64/AppDelegate.o Example/AppDelegate.m normal x86_64 objective-c com.apple.compilers.llvm.clang.1_0.compiler
    cd /Users/example/workspace/openbakery/xcodePlugin/gradle-xcodePlugin/example/Example
    export LANG=en_US.US-ASCII
    export PATH="/Applications/Xcode.app/Contents/Developer/Platforms/iPhoneSimulator.platform/Developer/usr/bin"
    /Applications/Xcode.app/Contents/Developer/Toolchains/XcodeDefault.xctoolchain/usr/bin/clang -x objective-c -arch x86_64 -fmessage-length=0 -fdiagnostics-show-note-include-stack -fmacro-backtrace-limit=0 -std=gnu99 -fobjc-arc -fmodules -fmodules-cache-path=/Users/example/Library/Developer/Xcode/DerivedData/ModuleCache -fmodules-prune-interval=86400 -fmodules-prune-after=345600 -Wnon-modular-include-in-framework-module -Werror=non-modular-include-in-framework-module -Wno-trigraphs -fpascal-strings -O0 -Wno-missing-field-initializers -Wno-missing-prototypes -Werror=return-type -Wno-implicit-atomic-properties -Werror=deprecated-objc-isa-usage -Werror=objc-root-class -Wno-receiver-is-weak -Wno-arc-repeated-use-of-weak -Wduplicate-method-match -Wno-missing-braces -Wparentheses -Wswitch -Wunused-function -Wno-unused-label -Wno-unused-parameter -Wunused-variable -Wunused-value -Wempty-body -Wuninitialized -Wno-unknown-pragmas -Wno-shadow -Wno-four-char-constants -Wno-conversion -Wconstant-conversion -Wint-conversion -Wbool-conversion -Wenum-conversion -Wshorten-64-to-32 -Wpointer-sign -Wno-newline-eof -Wno-selector -Wno-strict-selector-match -Wundeclared-selector -Wno-deprecated-implementations -DDEBUG=1 -isysroot /Applications/Xcode.app/Contents/Developer/Platforms/iPhoneSimulator.platform/Developer/SDKs/iPhoneSimulator8.0.sdk -fexceptions -fasm-blocks -fstrict-aliasing -Wprotocol -Wdeprecated-declarations -g -Wno-sign-conversion -fobjc-abi-version=2 -fobjc-legacy-dispatch -mios-simulator-version-min=7.0 -iquote /Users/example/Library/Developer/Xcode/DerivedData/Example-gzxkuommzsgsxicqlcnrrqgobshp/Build/Intermediates/Example.build/Debug-iphonesimulator/Example.build/Example-generated-files.hmap -I/Users/example/Library/Developer/Xcode/DerivedData/Example-gzxkuommzsgsxicqlcnrrqgobshp/Build/Intermediates/Example.build/Debug-iphonesimulator/Example.build/Example-own-target-headers.hmap -I/Users/example/Library/Developer/Xcode/DerivedData/Example-gzxkuommzsgsxicqlcnrrqgobshp/Build/Intermediates/Example.build/Debug-iphonesimulator/Example.build/Example-all-target-headers.hmap -iquote /Users/example/Library/Developer/Xcode/DerivedData/Example-gzxkuommzsgsxicqlcnrrqgobshp/Build/Intermediates/Example.build/Debug-iphonesimulator/Example.build/Example-project-headers.hmap -I/Users/example/Library/Developer/Xcode/DerivedData/Example-gzxkuommzsgsxicqlcnrrqgobshp/Build/Products/Debug-iphonesimulator/include -I/Applications/Xcode.app/Contents/Developer/Toolchains/XcodeDefault.xctoolchain/usr/include -I/Users/example/Library/Developer/Xcode/DerivedData/Example-gzxkuommzsgsxicqlcnrrqgobshp/Build/Intermediates/Example.build/Debug-iphonesimulator/Example.build/DerivedSources/x86_64 -I/Users/example/Library/Developer/Xcode/DerivedData/Example-gzxkuommzsgsxicqlcnrrqgobshp/Build/Intermediates/Example.build/Debug-iphonesimulator/Example.build/DerivedSources -F/Users/example/Library/Developer/Xcode/DerivedData/Example-gzxkuommzsgsxicqlcnrrqgobshp/Build/Products/Debug-iphonesimulator -include /Users/example/Library/Developer/Xcode/DerivedData/Example-gzxkuommzsgsxicqlcnrrqgobshp/Build/Intermediates/PrecompiledHeaders/Example-Prefix-gtdfhrchbmnqjteunfknmtjgkhpw/Example-Prefix.pch -MMD -MT dependencies -MF /Users/example/Library/Developer/Xcode/DerivedData/Example-gzxkuommzsgsxicqlcnrrqgobshp/Build/Intermediates/Example.build/Debug-iphonesimulator/Example.build/Objects-normal/x86_64/AppDelegate.d --serialize-diagnostics /Users/example/Library/Developer/Xcode/DerivedData/Example-gzxkuommzsgsxicqlcnrrqgobshp/Build/Intermediates/Example.build/Debug-iphonesimulator/Example.build/Objects-normal/x86_64/AppDelegate.dia -c /Users/example/workspace/openbakery/xcodePlugin/gradle-xcodePlugin/example/Example/Example/AppDelegate.m -o /Users/example/Library/Developer/Xcode/DerivedData/Example-gzxkuommzsgsxicqlcnrrqgobshp/Build/Intermediates/Example.build/Debug-iphonesimulator/Example.build/Objects-normal/x86_64/AppDelegate.o

CompileC /Users/example/Library/Developer/Xcode/DerivedData/Example-gzxkuommzsgsxicqlcnrrqgobshp/Build/Intermediates/Example.build/Debug-iphonesimulator/Example.build/Objects-normal/x86_64/main.o Example/main.m normal x86_64 objective-c com.apple.compilers.llvm.clang.1_0.compiler
    cd /Users/example/workspace/openbakery/xcodePlugin/gradle-xcodePlugin/example/Example
    export LANG=en_US.US-ASCII
    export PATH="/Applications/Xcode.app/Contents/Developer/Platforms/iPhoneSimulator.platform/Developer/usr/bin:/Applications/Xcode.app/Contents/Developer/usr/bin:/usr/bin:/bin:/usr/sbin:/sbin:/usr/local/bin:/opt/X11/bin:/usr/local/git/bin:/usr/local/MacGPG2/bin:/usr/local/git/bin:/Users/example/Java/gradle/bin:/Applications/Xcode.app/Contents/Developer/usr/bin/:/Users/example/.rvm/bin"
    /Applications/Xcode.app/Contents/Developer/Toolchains/XcodeDefault.xctoolchain/usr/bin/clang -x objective-c -arch x86_64 -fmessage-length=0 -fdiagnostics-show-note-include-stack -fmacro-backtrace-limit=0 -std=gnu99 -fobjc-arc -fmodules -fmodules-cache-path=/Users/example/Library/Developer/Xcode/DerivedData/ModuleCache -fmodules-prune-interval=86400 -fmodules-prune-after=345600 -Wnon-modular-include-in-framework-module -Werror=non-modular-include-in-framework-module -Wno-trigraphs -fpascal-strings -O0 -Wno-missing-field-initializers -Wno-missing-prototypes -Werror=return-type -Wno-implicit-atomic-properties -Werror=deprecated-objc-isa-usage -Werror=objc-root-class -Wno-receiver-is-weak -Wno-arc-repeated-use-of-weak -Wduplicate-method-match -Wno-missing-braces -Wparentheses -Wswitch -Wunused-function -Wno-unused-label -Wno-unused-parameter -Wunused-variable -Wunused-value -Wempty-body -Wuninitialized -Wno-unknown-pragmas -Wno-shadow -Wno-four-char-constants -Wno-conversion -Wconstant-conversion -Wint-conversion -Wbool-conversion -Wenum-conversion -Wshorten-64-to-32 -Wpointer-sign -Wno-newline-eof -Wno-selector -Wno-strict-selector-match -Wundeclared-selector -Wno-deprecated-implementations -DDEBUG=1 -isysroot /Applications/Xcode.app/Contents/Developer/Platforms/iPhoneSimulator.platform/Developer/SDKs/iPhoneSimulator8.0.sdk -fexceptions -fasm-blocks -fstrict-aliasing -Wprotocol -Wdeprecated-declarations -g -Wno-sign-conversion -fobjc-abi-version=2 -fobjc-legacy-dispatch -mios-simulator-version-min=7.0 -iquote /Users/example/Library/Developer/Xcode/DerivedData/Example-gzxkuommzsgsxicqlcnrrqgobshp/Build/Intermediates/Example.build/Debug-iphonesimulator/Example.build/Example-generated-files.hmap -I/Users/example/Library/Developer/Xcode/DerivedData/Example-gzxkuommzsgsxicqlcnrrqgobshp/Build/Intermediates/Example.build/Debug-iphonesimulator/Example.build/Example-own-target-headers.hmap -I/Users/example/Library/Developer/Xcode/DerivedData/Example-gzxkuommzsgsxicqlcnrrqgobshp/Build/Intermediates/Example.build/Debug-iphonesimulator/Example.build/Example-all-target-headers.hmap -iquote /Users/example/Library/Developer/Xcode/DerivedData/Example-gzxkuommzsgsxicqlcnrrqgobshp/Build/Intermediates/Example.build/Debug-iphonesimulator/Example.build/Example-project-headers.hmap -I/Users/example/Library/Developer/Xcode/DerivedData/Example-gzxkuommzsgsxicqlcnrrqgobshp/Build/Products/Debug-iphonesimulator/include -I/Applications/Xcode.app/Contents/Developer/Toolchains/XcodeDefault.xctoolchain/usr/include -I/Users/example/Library/Developer/Xcode/DerivedData/Example-gzxkuommzsgsxicqlcnrrqgobshp/Build/Intermediates/Example.build/Debug-iphonesimulator/Example.build/DerivedSources/x86_64 -I/Users/example/Library/Developer/Xcode/DerivedData/Example-gzxkuommzsgsxicqlcnrrqgobshp/Build/Intermediates/Example.build/Debug-iphonesimulator/Example.build/DerivedSources -F/Users/example/Library/Developer/Xcode/DerivedData/Example-gzxkuommzsgsxicqlcnrrqgobshp/Build/Products/Debug-iphonesimulator -include /Users/example/Library/Developer/Xcode/DerivedData/Example-gzxkuommzsgsxicqlcnrrqgobshp/Build/Intermediates/PrecompiledHeaders/Example-Prefix-gtdfhrchbmnqjteunfknmtjgkhpw/Example-Prefix.pch -MMD -MT dependencies -MF /Users/example/Library/Developer/Xcode/DerivedData/Example-gzxkuommzsgsxicqlcnrrqgobshp/Build/Intermediates/Example.build/Debug-iphonesimulator/Example.build/Objects-normal/x86_64/main.d --serialize-diagnostics /Users/example/Library/Developer/Xcode/DerivedData/Example-gzxkuommzsgsxicqlcnrrqgobshp/Build/Intermediates/Example.build/Debug-iphonesimulator/Example.build/Objects-normal/x86_64/main.dia -c /Users/example/workspace/openbakery/xcodePlugin/gradle-xcodePlugin/example/Example/Example/main.m -o /Users/example/Library/Developer/Xcode/DerivedData/Example-gzxkuommzsgsxicqlcnrrqgobshp/Build/Intermediates/Example.build/Debug-iphonesimulator/Example.build/Objects-normal/x86_64/main.o

CompileC /Users/example/Library/Developer/Xcode/DerivedData/Example-gzxkuommzsgsxicqlcnrrqgobshp/Build/Intermediates/Example.build/Debug-iphonesimulator/Example.build/Objects-normal/x86_64/FirstViewController.o Example/FirstViewController.m normal x86_64 objective-c com.apple.compilers.llvm.clang.1_0.compiler
    cd /Users/example/workspace/openbakery/xcodePlugin/gradle-xcodePlugin/example/Example
    export LANG=en_US.US-ASCII
    export PATH="/Applications/Xcode.app/Contents/Developer/Platforms/iPhoneSimulator.platform/Developer/usr/bin:/Applications/Xcode.app/Contents/Developer/usr/bin:/usr/bin:/bin:/usr/sbin:/sbin:/usr/local/bin:/opt/X11/bin:/usr/local/git/bin:/usr/local/MacGPG2/bin:/usr/local/git/bin:/Users/example/Java/gradle/bin:/Applications/Xcode.app/Contents/Developer/usr/bin/:/Users/example/.rvm/bin"
    /Applications/Xcode.app/Contents/Developer/Toolchains/XcodeDefault.xctoolchain/usr/bin/clang -x objective-c -arch x86_64 -fmessage-length=0 -fdiagnostics-show-note-include-stack -fmacro-backtrace-limit=0 -std=gnu99 -fobjc-arc -fmodules -fmodules-cache-path=/Users/example/Library/Developer/Xcode/DerivedData/ModuleCache -fmodules-prune-interval=86400 -fmodules-prune-after=345600 -Wnon-modular-include-in-framework-module -Werror=non-modular-include-in-framework-module -Wno-trigraphs -fpascal-strings -O0 -Wno-missing-field-initializers -Wno-missing-prototypes -Werror=return-type -Wno-implicit-atomic-properties -Werror=deprecated-objc-isa-usage -Werror=objc-root-class -Wno-receiver-is-weak -Wno-arc-repeated-use-of-weak -Wduplicate-method-match -Wno-missing-braces -Wparentheses -Wswitch -Wunused-function -Wno-unused-label -Wno-unused-parameter -Wunused-variable -Wunused-value -Wempty-body -Wuninitialized -Wno-unknown-pragmas -Wno-shadow -Wno-four-char-constants -Wno-conversion -Wconstant-conversion -Wint-conversion -Wbool-conversion -Wenum-conversion -Wshorten-64-to-32 -Wpointer-sign -Wno-newline-eof -Wno-selector -Wno-strict-selector-match -Wundeclared-selector -Wno-deprecated-implementations -DDEBUG=1 -isysroot /Applications/Xcode.app/Contents/Developer/Platforms/iPhoneSimulator.platform/Developer/SDKs/iPhoneSimulator8.0.sdk -fexceptions -fasm-blocks -fstrict-aliasing -Wprotocol -Wdeprecated-declarations -g -Wno-sign-conversion -fobjc-abi-version=2 -fobjc-legacy-dispatch -mios-simulator-version-min=7.0 -iquote /Users/example/Library/Developer/Xcode/DerivedData/Example-gzxkuommzsgsxicqlcnrrqgobshp/Build/Intermediates/Example.build/Debug-iphonesimulator/Example.build/Example-generated-files.hmap -I/Users/example/Library/Developer/Xcode/DerivedData/Example-gzxkuommzsgsxicqlcnrrqgobshp/Build/Intermediates/Example.build/Debug-iphonesimulator/Example.build/Example-own-target-headers.hmap -I/Users/example/Library/Developer/Xcode/DerivedData/Example-gzxkuommzsgsxicqlcnrrqgobshp/Build/Intermediates/Example.build/Debug-iphonesimulator/Example.build/Example-all-target-headers.hmap -iquote /Users/example/Library/Developer/Xcode/DerivedData/Example-gzxkuommzsgsxicqlcnrrqgobshp/Build/Intermediates/Example.build/Debug-iphonesimulator/Example.build/Example-project-headers.hmap -I/Users/example/Library/Developer/Xcode/DerivedData/Example-gzxkuommzsgsxicqlcnrrqgobshp/Build/Products/Debug-iphonesimulator/include -I/Applications/Xcode.app/Contents/Developer/Toolchains/XcodeDefault.xctoolchain/usr/include -I/Users/example/Library/Developer/Xcode/DerivedData/Example-gzxkuommzsgsxicqlcnrrqgobshp/Build/Intermediates/Example.build/Debug-iphonesimulator/Example.build/DerivedSources/x86_64 -I/Users/example/Library/Developer/Xcode/DerivedData/Example-gzxkuommzsgsxicqlcnrrqgobshp/Build/Intermediates/Example.build/Debug-iphonesimulator/Example.build/DerivedSources -F/Users/example/Library/Developer/Xcode/DerivedData/Example-gzxkuommzsgsxicqlcnrrqgobshp/Build/Products/Debug-iphonesimulator -include /Users/example/Library/Developer/Xcode/DerivedData/Example-gzxkuommzsgsxicqlcnrrqgobshp/Build/Intermediates/PrecompiledHeaders/Example-Prefix-gtdfhrchbmnqjteunfknmtjgkhpw/Example-Prefix.pch -MMD -MT dependencies -MF /Users/example/Library/Developer/Xcode/DerivedData/Example-gzxkuommzsgsxicqlcnrrqgobshp/Build/Intermediates/Example.build/Debug-iphonesimulator/Example.build/Objects-normal/x86_64/FirstViewController.d --serialize-diagnostics /Users/example/Library/Developer/Xcode/DerivedData/Example-gzxkuommzsgsxicqlcnrrqgobshp/Build/Intermediates/Example.build/Debug-iphonesimulator/Example.build/Objects-normal/x86_64/FirstViewController.dia -c /Users/example/workspace/openbakery/xcodePlugin/gradle-xcodePlugin/example/Example/Example/FirstViewController.m -o /Users/example/Library/Developer/Xcode/DerivedData/Example-gzxkuommzsgsxicqlcnrrqgobshp/Build/Intermediates/Example.build/Debug-iphonesimulator/Example.build/Objects-normal/x86_64/FirstViewController.o

CompileC /Users/example/Library/Developer/Xcode/DerivedData/Example-gzxkuommzsgsxicqlcnrrqgobshp/Build/Intermediates/Example.build/Debug-iphonesimulator/Example.build/Objects-normal/x86_64/SecondViewController.o Example/SecondViewController.m normal x86_64 objective-c com.apple.compilers.llvm.clang.1_0.compiler
    cd /Users/example/workspace/openbakery/xcodePlugin/gradle-xcodePlugin/example/Example
    export LANG=en_US.US-ASCII
    export PATH="/Applications/Xcode.app/Contents/Developer/Platforms/iPhoneSimulator.platform/Developer/usr/bin:/Applications/Xcode.app/Contents/Developer/usr/bin:/usr/bin:/bin:/usr/sbin:/sbin:/usr/local/bin:/opt/X11/bin:/usr/local/git/bin:/usr/local/MacGPG2/bin:/usr/local/git/bin:/Users/example/Java/gradle/bin:/Applications/Xcode.app/Contents/Developer/usr/bin/:/Users/example/.rvm/bin"
    /Applications/Xcode.app/Contents/Developer/Toolchains/XcodeDefault.xctoolchain/usr/bin/clang -x objective-c -arch x86_64 -fmessage-length=0 -fdiagnostics-show-note-include-stack -fmacro-backtrace-limit=0 -std=gnu99 -fobjc-arc -fmodules -fmodules-cache-path=/Users/example/Library/Developer/Xcode/DerivedData/ModuleCache -fmodules-prune-interval=86400 -fmodules-prune-after=345600 -Wnon-modular-include-in-framework-module -Werror=non-modular-include-in-framework-module -Wno-trigraphs -fpascal-strings -O0 -Wno-missing-field-initializers -Wno-missing-prototypes -Werror=return-type -Wno-implicit-atomic-properties -Werror=deprecated-objc-isa-usage -Werror=objc-root-class -Wno-receiver-is-weak -Wno-arc-repeated-use-of-weak -Wduplicate-method-match -Wno-missing-braces -Wparentheses -Wswitch -Wunused-function -Wno-unused-label -Wno-unused-parameter -Wunused-variable -Wunused-value -Wempty-body -Wuninitialized -Wno-unknown-pragmas -Wno-shadow -Wno-four-char-constants -Wno-conversion -Wconstant-conversion -Wint-conversion -Wbool-conversion -Wenum-conversion -Wshorten-64-to-32 -Wpointer-sign -Wno-newline-eof -Wno-selector -Wno-strict-selector-match -Wundeclared-selector -Wno-deprecated-implementations -DDEBUG=1 -isysroot /Applications/Xcode.app/Contents/Developer/Platforms/iPhoneSimulator.platform/Developer/SDKs/iPhoneSimulator8.0.sdk -fexceptions -fasm-blocks -fstrict-aliasing -Wprotocol -Wdeprecated-declarations -g -Wno-sign-conversion -fobjc-abi-version=2 -fobjc-legacy-dispatch -mios-simulator-version-min=7.0 -iquote /Users/example/Library/Developer/Xcode/DerivedData/Example-gzxkuommzsgsxicqlcnrrqgobshp/Build/Intermediates/Example.build/Debug-iphonesimulator/Example.build/Example-generated-files.hmap -I/Users/example/Library/Developer/Xcode/DerivedData/Example-gzxkuommzsgsxicqlcnrrqgobshp/Build/Intermediates/Example.build/Debug-iphonesimulator/Example.build/Example-own-target-headers.hmap -I/Users/example/Library/Developer/Xcode/DerivedData/Example-gzxkuommzsgsxicqlcnrrqgobshp/Build/Intermediates/Example.build/Debug-iphonesimulator/Example.build/Example-all-target-headers.hmap -iquote /Users/example/Library/Developer/Xcode/DerivedData/Example-gzxkuommzsgsxicqlcnrrqgobshp/Build/Intermediates/Example.build/Debug-iphonesimulator/Example.build/Example-project-headers.hmap -I/Users/example/Library/Developer/Xcode/DerivedData/Example-gzxkuommzsgsxicqlcnrrqgobshp/Build/Products/Debug-iphonesimulator/include -I/Applications/Xcode.app/Contents/Developer/Toolchains/XcodeDefault.xctoolchain/usr/include -I/Users/example/Library/Developer/Xcode/DerivedData/Example-gzxkuommzsgsxicqlcnrrqgobshp/Build/Intermediates/Example.build/Debug-iphonesimulator/Example.build/DerivedSources/x86_64 -I/Users/example/Library/Developer/Xcode/DerivedData/Example-gzxkuommzsgsxicqlcnrrqgobshp/Build/Intermediates/Example.build/Debug-iphonesimulator/Example.build/DerivedSources -F/Users/example/Library/Developer/Xcode/DerivedData/Example-gzxkuommzsgsxicqlcnrrqgobshp/Build/Products/Debug-iphonesimulator -include /Users/example/Library/Developer/Xcode/DerivedData/Example-gzxkuommzsgsxicqlcnrrqgobshp/Build/Intermediates/PrecompiledHeaders/Example-Prefix-gtdfhrchbmnqjteunfknmtjgkhpw/Example-Prefix.pch -MMD -MT dependencies -MF /Users/example/Library/Developer/Xcode/DerivedData/Example-gzxkuommzsgsxicqlcnrrqgobshp/Build/Intermediates/Example.build/Debug-iphonesimulator/Example.build/Objects-normal/x86_64/SecondViewController.d --serialize-diagnostics /Users/example/Library/Developer/Xcode/DerivedData/Example-gzxkuommzsgsxicqlcnrrqgobshp/Build/Intermediates/Example.build/Debug-iphonesimulator/Example.build/Objects-normal/x86_64/SecondViewController.dia -c /Users/example/workspace/openbakery/xcodePlugin/gradle-xcodePlugin/example/Example/Example/SecondViewController.m -o /Users/example/Library/Developer/Xcode/DerivedData/Example-gzxkuommzsgsxicqlcnrrqgobshp/Build/Intermediates/Example.build/Debug-iphonesimulator/Example.build/Objects-normal/x86_64/SecondViewController.o

Ld /Users/example/Library/Developer/Xcode/DerivedData/Example-gzxkuommzsgsxicqlcnrrqgobshp/Build/Products/Debug-iphonesimulator/Example.app/Example normal x86_64
    cd /Users/example/workspace/openbakery/xcodePlugin/gradle-xcodePlugin/example/Example
    export IPHONEOS_DEPLOYMENT_TARGET=7.0
    export PATH="/Applications/Xcode.app/Contents/Developer/Platforms/iPhoneSimulator.platform/Developer/usr/bin:/Applications/Xcode.app/Contents/Developer/usr/bin:/usr/bin:/bin:/usr/sbin:/sbin:/usr/local/bin:/opt/X11/bin:/usr/local/git/bin:/usr/local/MacGPG2/bin:/usr/local/git/bin:/Users/example/Java/gradle/bin:/Applications/Xcode.app/Contents/Developer/usr/bin/:/Users/example/.rvm/bin"
    /Applications/Xcode.app/Contents/Developer/Toolchains/XcodeDefault.xctoolchain/usr/bin/clang -arch x86_64 -isysroot /Applications/Xcode.app/Contents/Developer/Platforms/iPhoneSimulator.platform/Developer/SDKs/iPhoneSimulator8.0.sdk -L/Users/example/Library/Developer/Xcode/DerivedData/Example-gzxkuommzsgsxicqlcnrrqgobshp/Build/Products/Debug-iphonesimulator -F/Users/example/Library/Developer/Xcode/DerivedData/Example-gzxkuommzsgsxicqlcnrrqgobshp/Build/Products/Debug-iphonesimulator -filelist /Users/example/Library/Developer/Xcode/DerivedData/Example-gzxkuommzsgsxicqlcnrrqgobshp/Build/Intermediates/Example.build/Debug-iphonesimulator/Example.build/Objects-normal/x86_64/Example.LinkFileList -Xlinker -objc_abi_version -Xlinker 2 -fobjc-arc -fobjc-link-runtime -Xlinker -no_implicit_dylibs -mios-simulator-version-min=7.0 -framework CoreGraphics -framework UIKit -framework Foundation -Xlinker -dependency_info -Xlinker /Users/example/Library/Developer/Xcode/DerivedData/Example-gzxkuommzsgsxicqlcnrrqgobshp/Build/Intermediates/Example.build/Debug-iphonesimulator/Example.build/Objects-normal/x86_64/Example_dependency_info.dat -o /Users/example/Library/Developer/Xcode/DerivedData/Example-gzxkuommzsgsxicqlcnrrqgobshp/Build/Products/Debug-iphonesimulator/Example.app/Example

CompileStoryboard Example/Base.lproj/Main_iPad.storyboard
    cd /Users/example/workspace/openbakery/xcodePlugin/gradle-xcodePlugin/example/Example
    export PATH="/Applications/Xcode.app/Contents/Developer/Platforms/iPhoneSimulator.platform/Developer/usr/bin:/Applications/Xcode.app/Contents/Developer/usr/bin:/usr/bin:/bin:/usr/sbin:/sbin:/usr/local/bin:/opt/X11/bin:/usr/local/git/bin:/usr/local/MacGPG2/bin:/usr/local/git/bin:/Users/example/Java/gradle/bin:/Applications/Xcode.app/Contents/Developer/usr/bin/:/Users/example/.rvm/bin"
    export XCODE_DEVELOPER_USR_PATH=/Applications/Xcode.app/Contents/Developer/usr/bin/..
    /Applications/Xcode.app/Contents/Developer/Platforms/iPhoneSimulator.platform/Developer/usr/bin/ibtool --target-device iphone --target-device ipad --errors --warnings --notices --module Example --minimum-deployment-target 7.0 --output-partial-info-plist /Users/example/Library/Developer/Xcode/DerivedData/Example-gzxkuommzsgsxicqlcnrrqgobshp/Build/Intermediates/Example.build/Debug-iphonesimulator/Example.build/Main_iPad-SBPartialInfo.plist --auto-activate-custom-fonts --output-format human-readable-text --compile /Users/example/Library/Developer/Xcode/DerivedData/Example-gzxkuommzsgsxicqlcnrrqgobshp/Build/Products/Debug-iphonesimulator/Example.app/Base.lproj/Main_iPad.storyboardc /Users/example/workspace/openbakery/xcodePlugin/gradle-xcodePlugin/example/Example/Example/Base.lproj/Main_iPad.storyboard

CopyStringsFile /Users/example/Library/Developer/Xcode/DerivedData/Example-gzxkuommzsgsxicqlcnrrqgobshp/Build/Products/Debug-iphonesimulator/Example.app/en.lproj/InfoPlist.strings Example/en.lproj/InfoPlist.strings
    cd /Users/example/workspace/openbakery/xcodePlugin/gradle-xcodePlugin/example/Example
    export PATH="/Applications/Xcode.app/Contents/Developer/Platforms/iPhoneSimulator.platform/Developer/usr/bin:/Applications/Xcode.app/Contents/Developer/usr/bin:/usr/bin:/bin:/usr/sbin:/sbin:/usr/local/bin:/opt/X11/bin:/usr/local/git/bin:/usr/local/MacGPG2/bin:/usr/local/git/bin:/Users/example/Java/gradle/bin:/Applications/Xcode.app/Contents/Developer/usr/bin/:/Users/example/.rvm/bin"
    builtin-copyStrings --validate --inputencoding utf-8 --outputencoding binary --outdir /Users/example/Library/Developer/Xcode/DerivedData/Example-gzxkuommzsgsxicqlcnrrqgobshp/Build/Products/Debug-iphonesimulator/Example.app/en.lproj -- Example/en.lproj/InfoPlist.strings

CompileStoryboard Example/Base.lproj/Main_iPhone.storyboard
    cd /Users/example/workspace/openbakery/xcodePlugin/gradle-xcodePlugin/example/Example
    export PATH="/Applications/Xcode.app/Contents/Developer/Platforms/iPhoneSimulator.platform/Developer/usr/bin:/Applications/Xcode.app/Contents/Developer/usr/bin:/usr/bin:/bin:/usr/sbin:/sbin:/usr/local/bin:/opt/X11/bin:/usr/local/git/bin:/usr/local/MacGPG2/bin:/usr/local/git/bin:/Users/example/Java/gradle/bin:/Applications/Xcode.app/Contents/Developer/usr/bin/:/Users/example/.rvm/bin"
    export XCODE_DEVELOPER_USR_PATH=/Applications/Xcode.app/Contents/Developer/usr/bin/..
    /Applications/Xcode.app/Contents/Developer/Platforms/iPhoneSimulator.platform/Developer/usr/bin/ibtool --target-device iphone --target-device ipad --errors --warnings --notices --module Example --minimum-deployment-target 7.0 --output-partial-info-plist /Users/example/Library/Developer/Xcode/DerivedData/Example-gzxkuommzsgsxicqlcnrrqgobshp/Build/Intermediates/Example.build/Debug-iphonesimulator/Example.build/Main_iPhone-SBPartialInfo.plist --auto-activate-custom-fonts --output-format human-readable-text --compile /Users/example/Library/Developer/Xcode/DerivedData/Example-gzxkuommzsgsxicqlcnrrqgobshp/Build/Products/Debug-iphonesimulator/Example.app/Base.lproj/Main_iPhone.storyboardc /Users/example/workspace/openbakery/xcodePlugin/gradle-xcodePlugin/example/Example/Example/Base.lproj/Main_iPhone.storyboard

CompileAssetCatalog /Users/example/Library/Developer/Xcode/DerivedData/Example-gzxkuommzsgsxicqlcnrrqgobshp/Build/Products/Debug-iphonesimulator/Example.app Example/Images.xcassets
    cd /Users/example/workspace/openbakery/xcodePlugin/gradle-xcodePlugin/example/Example
    export PATH="/Applications/Xcode.app/Contents/Developer/Platforms/iPhoneSimulator.platform/Developer/usr/bin:/Applications/Xcode.app/Contents/Developer/usr/bin:/usr/bin:/bin:/usr/sbin:/sbin:/usr/local/bin:/opt/X11/bin:/usr/local/git/bin:/usr/local/MacGPG2/bin:/usr/local/git/bin:/Users/example/Java/gradle/bin:/Applications/Xcode.app/Contents/Developer/usr/bin/:/Users/example/.rvm/bin"
    /Applications/Xcode.app/Contents/Developer/Platforms/iPhoneSimulator.platform/Developer/usr/bin/actool --output-format human-readable-text --notices --warnings --export-dependency-info /Users/example/Library/Developer/Xcode/DerivedData/Example-gzxkuommzsgsxicqlcnrrqgobshp/Build/Intermediates/Example.build/Debug-iphonesimulator/Example.build/assetcatalog_dependencies.txt --output-partial-info-plist /Users/example/Library/Developer/Xcode/DerivedData/Example-gzxkuommzsgsxicqlcnrrqgobshp/Build/Intermediates/Example.build/Debug-iphonesimulator/Example.build/assetcatalog_generated_info.plist --app-icon AppIcon --launch-image LaunchImage --platform iphonesimulator --minimum-deployment-target 7.0 --target-device iphone --target-device ipad --compress-pngs --compile /Users/example/Library/Developer/Xcode/DerivedData/Example-gzxkuommzsgsxicqlcnrrqgobshp/Build/Products/Debug-iphonesimulator/Example.app /Users/example/workspace/openbakery/xcodePlugin/gradle-xcodePlugin/example/Example/Example/Images.xcassets
/* com.apple.actool.compilation-results */
/Users/example/Library/Developer/Xcode/DerivedData/Example-gzxkuommzsgsxicqlcnrrqgobshp/Build/Products/Debug-iphonesimulator/Example.app/LaunchImage-700-568h@2x.png
/Users/example/Library/Developer/Xcode/DerivedData/Example-gzxkuommzsgsxicqlcnrrqgobshp/Build/Products/Debug-iphonesimulator/Example.app/Assets.car
/Users/example/Library/Developer/Xcode/DerivedData/Example-gzxkuommzsgsxicqlcnrrqgobshp/Build/Intermediates/Example.build/Debug-iphonesimulator/Example.build/assetcatalog_generated_info.plist


ProcessInfoPlistFile /Users/example/Library/Developer/Xcode/DerivedData/Example-gzxkuommzsgsxicqlcnrrqgobshp/Build/Products/Debug-iphonesimulator/Example.app/Info.plist Example/Example-Info.plist
    cd /Users/example/workspace/openbakery/xcodePlugin/gradle-xcodePlugin/example/Example
    export PATH="/Applications/Xcode.app/Contents/Developer/Platforms/iPhoneSimulator.platform/Developer/usr/bin:/Applications/Xcode.app/Contents/Developer/usr/bin:/usr/bin:/bin:/usr/sbin:/sbin:/usr/local/bin:/opt/X11/bin:/usr/local/git/bin:/usr/local/MacGPG2/bin:/usr/local/git/bin:/Users/example/Java/gradle/bin:/Applications/Xcode.app/Contents/Developer/usr/bin/:/Users/example/.rvm/bin"
    builtin-infoPlistUtility /Users/example/workspace/openbakery/xcodePlugin/gradle-xcodePlugin/example/Example/Example/Example-Info.plist -genpkginfo /Users/example/Library/Developer/Xcode/DerivedData/Example-gzxkuommzsgsxicqlcnrrqgobshp/Build/Products/Debug-iphonesimulator/Example.app/PkgInfo -expandbuildsettings -format binary -platform iphonesimulator -additionalcontentfile /Users/example/Library/Developer/Xcode/DerivedData/Example-gzxkuommzsgsxicqlcnrrqgobshp/Build/Intermediates/Example.build/Debug-iphonesimulator/Example.build/assetcatalog_generated_info.plist -additionalcontentfile /Users/example/Library/Developer/Xcode/DerivedData/Example-gzxkuommzsgsxicqlcnrrqgobshp/Build/Intermediates/Example.build/Debug-iphonesimulator/Example.build/Main_iPad-SBPartialInfo.plist -additionalcontentfile /Users/example/Library/Developer/Xcode/DerivedData/Example-gzxkuommzsgsxicqlcnrrqgobshp/Build/Intermediates/Example.build/Debug-iphonesimulator/Example.build/Main_iPhone-SBPartialInfo.plist -o /Users/example/Library/Developer/Xcode/DerivedData/Example-gzxkuommzsgsxicqlcnrrqgobshp/Build/Products/Debug-iphonesimulator/Example.app/Info.plist

GenerateDSYMFile /Users/example/Library/Developer/Xcode/DerivedData/Example-gzxkuommzsgsxicqlcnrrqgobshp/Build/Products/Debug-iphonesimulator/Example.app.dSYM /Users/example/Library/Developer/Xcode/DerivedData/Example-gzxkuommzsgsxicqlcnrrqgobshp/Build/Products/Debug-iphonesimulator/Example.app/Example
    cd /Users/example/workspace/openbakery/xcodePlugin/gradle-xcodePlugin/example/Example
    export PATH="/Applications/Xcode.app/Contents/Developer/Platforms/iPhoneSimulator.platform/Developer/usr/bin:/Applications/Xcode.app/Contents/Developer/usr/bin:/usr/bin:/bin:/usr/sbin:/sbin:/usr/local/bin:/opt/X11/bin:/usr/local/git/bin:/usr/local/MacGPG2/bin:/usr/local/git/bin:/Users/example/Java/gradle/bin:/Applications/Xcode.app/Contents/Developer/usr/bin/:/Users/example/.rvm/bin"
    /Applications/Xcode.app/Contents/Developer/Toolchains/XcodeDefault.xctoolchain/usr/bin/dsymutil /Users/example/Library/Developer/Xcode/DerivedData/Example-gzxkuommzsgsxicqlcnrrqgobshp/Build/Products/Debug-iphonesimulator/Example.app/Example -o /Users/example/Library/Developer/Xcode/DerivedData/Example-gzxkuommzsgsxicqlcnrrqgobshp/Build/Products/Debug-iphonesimulator/Example.app.dSYM

Touch /Users/example/Library/Developer/Xcode/DerivedData/Example-gzxkuommzsgsxicqlcnrrqgobshp/Build/Products/Debug-iphonesimulator/Example.app
    cd /Users/example/workspace/openbakery/xcodePlugin/gradle-xcodePlugin/example/Example
    export PATH="/Applications/Xcode.app/Contents/Developer/Platforms/iPhoneSimulator.platform/Developer/usr/bin:/Applications/Xcode.app/Contents/Developer/usr/bin:/usr/bin:/bin:/usr/sbin:/sbin:/usr/local/bin:/opt/X11/bin:/usr/local/git/bin:/usr/local/MacGPG2/bin:/usr/local/git/bin:/Users/example/Java/gradle/bin:/Applications/Xcode.app/Contents/Developer/usr/bin/:/Users/example/.rvm/bin"
    /usr/bin/touch -c /Users/example/Library/Developer/Xcode/DerivedData/Example-gzxkuommzsgsxicqlcnrrqgobshp/Build/Products/Debug-iphonesimulator/Example.app

=== BUILD TARGET ExampleTests OF PROJECT Example WITH CONFIGURATION Debug ===

Check dependencies

CompileC /Users/example/Library/Developer/Xcode/DerivedData/Example-gzxkuommzsgsxicqlcnrrqgobshp/Build/Intermediates/Example.build/Debug-iphonesimulator/ExampleTests.build/Objects-normal/x86_64/ExampleTests.o ExampleTests/ExampleTests.m normal x86_64 objective-c com.apple.compilers.llvm.clang.1_0.compiler
    cd /Users/example/workspace/openbakery/xcodePlugin/gradle-xcodePlugin/example/Example
    export LANG=en_US.US-ASCII
    export PATH="/Applications/Xcode.app/Contents/Developer/Platforms/iPhoneSimulator.platform/Developer/usr/bin:/Applications/Xcode.app/Contents/Developer/usr/bin:/usr/bin:/bin:/usr/sbin:/sbin:/usr/local/bin:/opt/X11/bin:/usr/local/git/bin:/usr/local/MacGPG2/bin:/usr/local/git/bin:/Users/example/Java/gradle/bin:/Applications/Xcode.app/Contents/Developer/usr/bin/:/Users/example/.rvm/bin"
    /Applications/Xcode.app/Contents/Developer/Toolchains/XcodeDefault.xctoolchain/usr/bin/clang -x objective-c -arch x86_64 -fmessage-length=0 -fdiagnostics-show-note-include-stack -fmacro-backtrace-limit=0 -std=gnu99 -fobjc-arc -fmodules -fmodules-cache-path=/Users/example/Library/Developer/Xcode/DerivedData/ModuleCache -fmodules-prune-interval=86400 -fmodules-prune-after=345600 -Wnon-modular-include-in-framework-module -Werror=non-modular-include-in-framework-module -Wno-trigraphs -fpascal-strings -O0 -Wno-missing-field-initializers -Wno-missing-prototypes -Werror=return-type -Wno-implicit-atomic-properties -Werror=deprecated-objc-isa-usage -Werror=objc-root-class -Wno-receiver-is-weak -Wno-arc-repeated-use-of-weak -Wduplicate-method-match -Wno-missing-braces -Wparentheses -Wswitch -Wunused-function -Wno-unused-label -Wno-unused-parameter -Wunused-variable -Wunused-value -Wempty-body -Wuninitialized -Wno-unknown-pragmas -Wno-shadow -Wno-four-char-constants -Wno-conversion -Wconstant-conversion -Wint-conversion -Wbool-conversion -Wenum-conversion -Wshorten-64-to-32 -Wpointer-sign -Wno-newline-eof -Wno-selector -Wno-strict-selector-match -Wundeclared-selector -Wno-deprecated-implementations -DDEBUG=1 -DDEBUG=1 -isysroot /Applications/Xcode.app/Contents/Developer/Platforms/iPhoneSimulator.platform/Developer/SDKs/iPhoneSimulator8.0.sdk -fexceptions -fasm-blocks -fstrict-aliasing -Wprotocol -Wdeprecated-declarations -g -Wno-sign-conversion -fobjc-abi-version=2 -fobjc-legacy-dispatch -mios-simulator-version-min=7.0 -iquote /Users/example/Library/Developer/Xcode/DerivedData/Example-gzxkuommzsgsxicqlcnrrqgobshp/Build/Intermediates/Example.build/Debug-iphonesimulator/ExampleTests.build/ExampleTests-generated-files.hmap -I/Users/example/Library/Developer/Xcode/DerivedData/Example-gzxkuommzsgsxicqlcnrrqgobshp/Build/Intermediates/Example.build/Debug-iphonesimulator/ExampleTests.build/ExampleTests-own-target-headers.hmap -I/Users/example/Library/Developer/Xcode/DerivedData/Example-gzxkuommzsgsxicqlcnrrqgobshp/Build/Intermediates/Example.build/Debug-iphonesimulator/ExampleTests.build/ExampleTests-all-target-headers.hmap -iquote /Users/example/Library/Developer/Xcode/DerivedData/Example-gzxkuommzsgsxicqlcnrrqgobshp/Build/Intermediates/Example.build/Debug-iphonesimulator/ExampleTests.build/ExampleTests-project-headers.hmap -I/Users/example/Library/Developer/Xcode/DerivedData/Example-gzxkuommzsgsxicqlcnrrqgobshp/Build/Products/Debug-iphonesimulator/include -I/Applications/Xcode.app/Contents/Developer/Toolchains/XcodeDefault.xctoolchain/usr/include -I/Users/example/Library/Developer/Xcode/DerivedData/Example-gzxkuommzsgsxicqlcnrrqgobshp/Build/Intermediates/Example.build/Debug-iphonesimulator/ExampleTests.build/DerivedSources/x86_64 -I/Users/example/Library/Developer/Xcode/DerivedData/Example-gzxkuommzsgsxicqlcnrrqgobshp/Build/Intermediates/Example.build/Debug-iphonesimulator/ExampleTests.build/DerivedSources -F/Users/example/Library/Developer/Xcode/DerivedData/Example-gzxkuommzsgsxicqlcnrrqgobshp/Build/Products/Debug-iphonesimulator -F/Applications/Xcode.app/Contents/Developer/Platforms/iPhoneSimulator.platform/Developer/SDKs/iPhoneSimulator8.0.sdk/Developer/Library/Frameworks -F/Applications/Xcode.app/Contents/Developer/Library/Frameworks -F/Applications/Xcode.app/Contents/Developer/Platforms/iPhoneSimulator.platform/Developer/Library/Frameworks -F/Applications/Xcode.app/Contents/Developer/Platforms/iPhoneSimulator.platform/Developer/SDKs/iPhoneSimulator8.0.sdk/Developer/Library/Frameworks -include /Users/example/Library/Developer/Xcode/DerivedData/Example-gzxkuommzsgsxicqlcnrrqgobshp/Build/Intermediates/PrecompiledHeaders/Example-Prefix-cctpqynulzllawdsgiqtkogcbtrt/Example-Prefix.pch -MMD -MT dependencies -MF /Users/example/Library/Developer/Xcode/DerivedData/Example-gzxkuommzsgsxicqlcnrrqgobshp/Build/Intermediates/Example.build/Debug-iphonesimulator/ExampleTests.build/Objects-normal/x86_64/ExampleTests.d --serialize-diagnostics /Users/example/Library/Developer/Xcode/DerivedData/Example-gzxkuommzsgsxicqlcnrrqgobshp/Build/Intermediates/Example.build/Debug-iphonesimulator/ExampleTests.build/Objects-normal/x86_64/ExampleTests.dia -c /Users/example/workspace/openbakery/xcodePlugin/gradle-xcodePlugin/example/Example/ExampleTests/ExampleTests.m -o /Users/example/Library/Developer/Xcode/DerivedData/Example-gzxkuommzsgsxicqlcnrrqgobshp/Build/Intermediates/Example.build/Debug-iphonesimulator/ExampleTests.build/Objects-normal/x86_64/ExampleTests.o

Ld /Users/example/Library/Developer/Xcode/DerivedData/Example-gzxkuommzsgsxicqlcnrrqgobshp/Build/Products/Debug-iphonesimulator/ExampleTests.xctest/ExampleTests normal x86_64
    cd /Users/example/workspace/openbakery/xcodePlugin/gradle-xcodePlugin/example/Example
    export IPHONEOS_DEPLOYMENT_TARGET=7.0
    export PATH="/Applications/Xcode.app/Contents/Developer/Platforms/iPhoneSimulator.platform/Developer/usr/bin:/Applications/Xcode.app/Contents/Developer/usr/bin:/usr/bin:/bin:/usr/sbin:/sbin:/usr/local/bin:/opt/X11/bin:/usr/local/git/bin:/usr/local/MacGPG2/bin:/usr/local/git/bin:/Users/example/Java/gradle/bin:/Applications/Xcode.app/Contents/Developer/usr/bin/:/Users/example/.rvm/bin"
    /Applications/Xcode.app/Contents/Developer/Toolchains/XcodeDefault.xctoolchain/usr/bin/clang -arch x86_64 -bundle -isysroot /Applications/Xcode.app/Contents/Developer/Platforms/iPhoneSimulator.platform/Developer/SDKs/iPhoneSimulator8.0.sdk -L/Users/example/Library/Developer/Xcode/DerivedData/Example-gzxkuommzsgsxicqlcnrrqgobshp/Build/Products/Debug-iphonesimulator -F/Users/example/Library/Developer/Xcode/DerivedData/Example-gzxkuommzsgsxicqlcnrrqgobshp/Build/Products/Debug-iphonesimulator -F/Applications/Xcode.app/Contents/Developer/Platforms/iPhoneSimulator.platform/Developer/SDKs/iPhoneSimulator8.0.sdk/Developer/Library/Frameworks -F/Applications/Xcode.app/Contents/Developer/Library/Frameworks -F/Applications/Xcode.app/Contents/Developer/Platforms/iPhoneSimulator.platform/Developer/Library/Frameworks -F/Applications/Xcode.app/Contents/Developer/Platforms/iPhoneSimulator.platform/Developer/SDKs/iPhoneSimulator8.0.sdk/Developer/Library/Frameworks -filelist /Users/example/Library/Developer/Xcode/DerivedData/Example-gzxkuommzsgsxicqlcnrrqgobshp/Build/Intermediates/Example.build/Debug-iphonesimulator/ExampleTests.build/Objects-normal/x86_64/ExampleTests.LinkFileList -bundle_loader /Users/example/Library/Developer/Xcode/DerivedData/Example-gzxkuommzsgsxicqlcnrrqgobshp/Build/Products/Debug-iphonesimulator/Example.app/Example -Xlinker -objc_abi_version -Xlinker 2 -framework XCTest -fobjc-arc -fobjc-link-runtime -Xlinker -no_implicit_dylibs -mios-simulator-version-min=7.0 -framework XCTest -framework UIKit -framework Foundation -Xlinker -dependency_info -Xlinker /Users/example/Library/Developer/Xcode/DerivedData/Example-gzxkuommzsgsxicqlcnrrqgobshp/Build/Intermediates/Example.build/Debug-iphonesimulator/ExampleTests.build/Objects-normal/x86_64/ExampleTests_dependency_info.dat -o /Users/example/Library/Developer/Xcode/DerivedData/Example-gzxkuommzsgsxicqlcnrrqgobshp/Build/Products/Debug-iphonesimulator/ExampleTests.xctest/ExampleTests

GenerateDSYMFile /Users/example/Library/Developer/Xcode/DerivedData/Example-gzxkuommzsgsxicqlcnrrqgobshp/Build/Products/Debug-iphonesimulator/ExampleTests.xctest.dSYM /Users/example/Library/Developer/Xcode/DerivedData/Example-gzxkuommzsgsxicqlcnrrqgobshp/Build/Products/Debug-iphonesimulator/ExampleTests.xctest/ExampleTests
    cd /Users/example/workspace/openbakery/xcodePlugin/gradle-xcodePlugin/example/Example
    export PATH="/Applications/Xcode.app/Contents/Developer/Platforms/iPhoneSimulator.platform/Developer/usr/bin:/Applications/Xcode.app/Contents/Developer/usr/bin:/usr/bin:/bin:/usr/sbin:/sbin:/usr/local/bin:/opt/X11/bin:/usr/local/git/bin:/usr/local/MacGPG2/bin:/usr/local/git/bin:/Users/example/Java/gradle/bin:/Applications/Xcode.app/Contents/Developer/usr/bin/:/Users/example/.rvm/bin"
    /Applications/Xcode.app/Contents/Developer/Toolchains/XcodeDefault.xctoolchain/usr/bin/dsymutil /Users/example/Library/Developer/Xcode/DerivedData/Example-gzxkuommzsgsxicqlcnrrqgobshp/Build/Products/Debug-iphonesimulator/ExampleTests.xctest/ExampleTests -o /Users/example/Library/Developer/Xcode/DerivedData/Example-gzxkuommzsgsxicqlcnrrqgobshp/Build/Products/Debug-iphonesimulator/ExampleTests.xctest.dSYM

Touch /Users/example/Library/Developer/Xcode/DerivedData/Example-gzxkuommzsgsxicqlcnrrqgobshp/Build/Products/Debug-iphonesimulator/ExampleTests.xctest
    cd /Users/example/workspace/openbakery/xcodePlugin/gradle-xcodePlugin/example/Example
    export PATH="/Applications/Xcode.app/Contents/Developer/Platforms/iPhoneSimulator.platform/Developer/usr/bin:/Applications/Xcode.app/Contents/Developer/usr/bin:/usr/bin:/bin:/usr/sbin:/sbin:/usr/local/bin:/opt/X11/bin:/usr/local/git/bin:/usr/local/MacGPG2/bin:/usr/local/git/bin:/Users/example/Java/gradle/bin:/Applications/Xcode.app/Contents/Developer/usr/bin/:/Users/example/.rvm/bin"
    /usr/bin/touch -c /Users/example/Library/Developer/Xcode/DerivedData/Example-gzxkuommzsgsxicqlcnrrqgobshp/Build/Products/Debug-iphonesimulator/ExampleTests.xctest

2014-10-08 11:21:18.935 xcodebuild[8142:2007]  iPhoneSimulator: Sim iPad Air is booted but getenv returned nil for test connection socket path.
 Will retry in 1s (1 attempts so far).
Failing tests:
	-[ExampleTests testExample]
** TEST FAILED **

2014-10-08 11:21:28.817 xcodebuild[8142:d07] [MT] iPhoneSimulator: Unable to connect to "com.apple.instruments.deviceservice.lockdown" (Error Domain=com.apple.CoreSimulator.SimError Code=146 "Unable to lookup in current state: Shutdown" UserInfo=0x7fcda4dbfdf0 {NSLocalizedDescription=Unable to lookup in current state: Shutdown})
=== BUILD TARGET Example OF PROJECT Example WITH CONFIGURATION Debug ===

Check dependencies

CompileC /Users/example/Library/Developer/Xcode/DerivedData/Example-gzxkuommzsgsxicqlcnrrqgobshp/Build/Intermediates/Example.build/Debug-iphonesimulator/Example.build/Objects-normal/i386/SecondViewController.o Example/SecondViewController.m normal i386 objective-c com.apple.compilers.llvm.clang.1_0.compiler
    cd /Users/example/workspace/openbakery/xcodePlugin/gradle-xcodePlugin/example/Example
    export LANG=en_US.US-ASCII
    export PATH="/Applications/Xcode.app/Contents/Developer/Platforms/iPhoneSimulator.platform/Developer/usr/bin:/Applications/Xcode.app/Contents/Developer/usr/bin:/usr/bin:/bin:/usr/sbin:/sbin:/usr/local/bin:/opt/X11/bin:/usr/local/git/bin:/usr/local/MacGPG2/bin:/usr/local/git/bin:/Users/example/Java/gradle/bin:/Applications/Xcode.app/Contents/Developer/usr/bin/:/Users/example/.rvm/bin"
    /Applications/Xcode.app/Contents/Developer/Toolchains/XcodeDefault.xctoolchain/usr/bin/clang -x objective-c -arch i386 -fmessage-length=0 -fdiagnostics-show-note-include-stack -fmacro-backtrace-limit=0 -std=gnu99 -fobjc-arc -fmodules -fmodules-cache-path=/Users/example/Library/Developer/Xcode/DerivedData/ModuleCache -fmodules-prune-interval=86400 -fmodules-prune-after=345600 -Wnon-modular-include-in-framework-module -Werror=non-modular-include-in-framework-module -Wno-trigraphs -fpascal-strings -O0 -Wno-missing-field-initializers -Wno-missing-prototypes -Werror=return-type -Wno-implicit-atomic-properties -Werror=deprecated-objc-isa-usage -Werror=objc-root-class -Wno-receiver-is-weak -Wno-arc-repeated-use-of-weak -Wduplicate-method-match -Wno-missing-braces -Wparentheses -Wswitch -Wunused-function -Wno-unused-label -Wno-unused-parameter -Wunused-variable -Wunused-value -Wempty-body -Wuninitialized -Wno-unknown-pragmas -Wno-shadow -Wno-four-char-constants -Wno-conversion -Wconstant-conversion -Wint-conversion -Wbool-conversion -Wenum-conversion -Wshorten-64-to-32 -Wpointer-sign -Wno-newline-eof -Wno-selector -Wno-strict-selector-match -Wundeclared-selector -Wno-deprecated-implementations -DDEBUG=1 -isysroot /Applications/Xcode.app/Contents/Developer/Platforms/iPhoneSimulator.platform/Developer/SDKs/iPhoneSimulator8.0.sdk -fexceptions -fasm-blocks -fstrict-aliasing -Wprotocol -Wdeprecated-declarations -g -Wno-sign-conversion -fobjc-abi-version=2 -fobjc-legacy-dispatch -mios-simulator-version-min=7.0 -iquote /Users/example/Library/Developer/Xcode/DerivedData/Example-gzxkuommzsgsxicqlcnrrqgobshp/Build/Intermediates/Example.build/Debug-iphonesimulator/Example.build/Example-generated-files.hmap -I/Users/example/Library/Developer/Xcode/DerivedData/Example-gzxkuommzsgsxicqlcnrrqgobshp/Build/Intermediates/Example.build/Debug-iphonesimulator/Example.build/Example-own-target-headers.hmap -I/Users/example/Library/Developer/Xcode/DerivedData/Example-gzxkuommzsgsxicqlcnrrqgobshp/Build/Intermediates/Example.build/Debug-iphonesimulator/Example.build/Example-all-target-headers.hmap -iquote /Users/example/Library/Developer/Xcode/DerivedData/Example-gzxkuommzsgsxicqlcnrrqgobshp/Build/Intermediates/Example.build/Debug-iphonesimulator/Example.build/Example-project-headers.hmap -I/Users/example/Library/Developer/Xcode/DerivedData/Example-gzxkuommzsgsxicqlcnrrqgobshp/Build/Products/Debug-iphonesimulator/include -I/Applications/Xcode.app/Contents/Developer/Toolchains/XcodeDefault.xctoolchain/usr/include -I/Users/example/Library/Developer/Xcode/DerivedData/Example-gzxkuommzsgsxicqlcnrrqgobshp/Build/Intermediates/Example.build/Debug-iphonesimulator/Example.build/DerivedSources/i386 -I/Users/example/Library/Developer/Xcode/DerivedData/Example-gzxkuommzsgsxicqlcnrrqgobshp/Build/Intermediates/Example.build/Debug-iphonesimulator/Example.build/DerivedSources -F/Users/example/Library/Developer/Xcode/DerivedData/Example-gzxkuommzsgsxicqlcnrrqgobshp/Build/Products/Debug-iphonesimulator -include /Users/example/Library/Developer/Xcode/DerivedData/Example-gzxkuommzsgsxicqlcnrrqgobshp/Build/Intermediates/PrecompiledHeaders/Example-Prefix-erpmudeliimrxqgwnweapoapmmdn/Example-Prefix.pch -MMD -MT dependencies -MF /Users/example/Library/Developer/Xcode/DerivedData/Example-gzxkuommzsgsxicqlcnrrqgobshp/Build/Intermediates/Example.build/Debug-iphonesimulator/Example.build/Objects-normal/i386/SecondViewController.d --serialize-diagnostics /Users/example/Library/Developer/Xcode/DerivedData/Example-gzxkuommzsgsxicqlcnrrqgobshp/Build/Intermediates/Example.build/Debug-iphonesimulator/Example.build/Objects-normal/i386/SecondViewController.dia -c /Users/example/workspace/openbakery/xcodePlugin/gradle-xcodePlugin/example/Example/Example/SecondViewController.m -o /Users/example/Library/Developer/Xcode/DerivedData/Example-gzxkuommzsgsxicqlcnrrqgobshp/Build/Intermediates/Example.build/Debug-iphonesimulator/Example.build/Objects-normal/i386/SecondViewController.o

CompileC /Users/example/Library/Developer/Xcode/DerivedData/Example-gzxkuommzsgsxicqlcnrrqgobshp/Build/Intermediates/Example.build/Debug-iphonesimulator/Example.build/Objects-normal/i386/AppDelegate.o Example/AppDelegate.m normal i386 objective-c com.apple.compilers.llvm.clang.1_0.compiler
    cd /Users/example/workspace/openbakery/xcodePlugin/gradle-xcodePlugin/example/Example
    export LANG=en_US.US-ASCII
    export PATH="/Applications/Xcode.app/Contents/Developer/Platforms/iPhoneSimulator.platform/Developer/usr/bin:/Applications/Xcode.app/Contents/Developer/usr/bin:/usr/bin:/bin:/usr/sbin:/sbin:/usr/local/bin:/opt/X11/bin:/usr/local/git/bin:/usr/local/MacGPG2/bin:/usr/local/git/bin:/Users/example/Java/gradle/bin:/Applications/Xcode.app/Contents/Developer/usr/bin/:/Users/example/.rvm/bin"
    /Applications/Xcode.app/Contents/Developer/Toolchains/XcodeDefault.xctoolchain/usr/bin/clang -x objective-c -arch i386 -fmessage-length=0 -fdiagnostics-show-note-include-stack -fmacro-backtrace-limit=0 -std=gnu99 -fobjc-arc -fmodules -fmodules-cache-path=/Users/example/Library/Developer/Xcode/DerivedData/ModuleCache -fmodules-prune-interval=86400 -fmodules-prune-after=345600 -Wnon-modular-include-in-framework-module -Werror=non-modular-include-in-framework-module -Wno-trigraphs -fpascal-strings -O0 -Wno-missing-field-initializers -Wno-missing-prototypes -Werror=return-type -Wno-implicit-atomic-properties -Werror=deprecated-objc-isa-usage -Werror=objc-root-class -Wno-receiver-is-weak -Wno-arc-repeated-use-of-weak -Wduplicate-method-match -Wno-missing-braces -Wparentheses -Wswitch -Wunused-function -Wno-unused-label -Wno-unused-parameter -Wunused-variable -Wunused-value -Wempty-body -Wuninitialized -Wno-unknown-pragmas -Wno-shadow -Wno-four-char-constants -Wno-conversion -Wconstant-conversion -Wint-conversion -Wbool-conversion -Wenum-conversion -Wshorten-64-to-32 -Wpointer-sign -Wno-newline-eof -Wno-selector -Wno-strict-selector-match -Wundeclared-selector -Wno-deprecated-implementations -DDEBUG=1 -isysroot /Applications/Xcode.app/Contents/Developer/Platforms/iPhoneSimulator.platform/Developer/SDKs/iPhoneSimulator8.0.sdk -fexceptions -fasm-blocks -fstrict-aliasing -Wprotocol -Wdeprecated-declarations -g -Wno-sign-conversion -fobjc-abi-version=2 -fobjc-legacy-dispatch -mios-simulator-version-min=7.0 -iquote /Users/example/Library/Developer/Xcode/DerivedData/Example-gzxkuommzsgsxicqlcnrrqgobshp/Build/Intermediates/Example.build/Debug-iphonesimulator/Example.build/Example-generated-files.hmap -I/Users/example/Library/Developer/Xcode/DerivedData/Example-gzxkuommzsgsxicqlcnrrqgobshp/Build/Intermediates/Example.build/Debug-iphonesimulator/Example.build/Example-own-target-headers.hmap -I/Users/example/Library/Developer/Xcode/DerivedData/Example-gzxkuommzsgsxicqlcnrrqgobshp/Build/Intermediates/Example.build/Debug-iphonesimulator/Example.build/Example-all-target-headers.hmap -iquote /Users/example/Library/Developer/Xcode/DerivedData/Example-gzxkuommzsgsxicqlcnrrqgobshp/Build/Intermediates/Example.build/Debug-iphonesimulator/Example.build/Example-project-headers.hmap -I/Users/example/Library/Developer/Xcode/DerivedData/Example-gzxkuommzsgsxicqlcnrrqgobshp/Build/Products/Debug-iphonesimulator/include -I/Applications/Xcode.app/Contents/Developer/Toolchains/XcodeDefault.xctoolchain/usr/include -I/Users/example/Library/Developer/Xcode/DerivedData/Example-gzxkuommzsgsxicqlcnrrqgobshp/Build/Intermediates/Example.build/Debug-iphonesimulator/Example.build/DerivedSources/i386 -I/Users/example/Library/Developer/Xcode/DerivedData/Example-gzxkuommzsgsxicqlcnrrqgobshp/Build/Intermediates/Example.build/Debug-iphonesimulator/Example.build/DerivedSources -F/Users/example/Library/Developer/Xcode/DerivedData/Example-gzxkuommzsgsxicqlcnrrqgobshp/Build/Products/Debug-iphonesimulator -include /Users/example/Library/Developer/Xcode/DerivedData/Example-gzxkuommzsgsxicqlcnrrqgobshp/Build/Intermediates/PrecompiledHeaders/Example-Prefix-erpmudeliimrxqgwnweapoapmmdn/Example-Prefix.pch -MMD -MT dependencies -MF /Users/example/Library/Developer/Xcode/DerivedData/Example-gzxkuommzsgsxicqlcnrrqgobshp/Build/Intermediates/Example.build/Debug-iphonesimulator/Example.build/Objects-normal/i386/AppDelegate.d --serialize-diagnostics /Users/example/Library/Developer/Xcode/DerivedData/Example-gzxkuommzsgsxicqlcnrrqgobshp/Build/Intermediates/Example.build/Debug-iphonesimulator/Example.build/Objects-normal/i386/AppDelegate.dia -c /Users/example/workspace/openbakery/xcodePlugin/gradle-xcodePlugin/example/Example/Example/AppDelegate.m -o /Users/example/Library/Developer/Xcode/DerivedData/Example-gzxkuommzsgsxicqlcnrrqgobshp/Build/Intermediates/Example.build/Debug-iphonesimulator/Example.build/Objects-normal/i386/AppDelegate.o

CompileC /Users/example/Library/Developer/Xcode/DerivedData/Example-gzxkuommzsgsxicqlcnrrqgobshp/Build/Intermediates/Example.build/Debug-iphonesimulator/Example.build/Objects-normal/i386/FirstViewController.o Example/FirstViewController.m normal i386 objective-c com.apple.compilers.llvm.clang.1_0.compiler
    cd /Users/example/workspace/openbakery/xcodePlugin/gradle-xcodePlugin/example/Example
    export LANG=en_US.US-ASCII
    export PATH="/Applications/Xcode.app/Contents/Developer/Platforms/iPhoneSimulator.platform/Developer/usr/bin:/Applications/Xcode.app/Contents/Developer/usr/bin:/usr/bin:/bin:/usr/sbin:/sbin:/usr/local/bin:/opt/X11/bin:/usr/local/git/bin:/usr/local/MacGPG2/bin:/usr/local/git/bin:/Users/example/Java/gradle/bin:/Applications/Xcode.app/Contents/Developer/usr/bin/:/Users/example/.rvm/bin"
    /Applications/Xcode.app/Contents/Developer/Toolchains/XcodeDefault.xctoolchain/usr/bin/clang -x objective-c -arch i386 -fmessage-length=0 -fdiagnostics-show-note-include-stack -fmacro-backtrace-limit=0 -std=gnu99 -fobjc-arc -fmodules -fmodules-cache-path=/Users/example/Library/Developer/Xcode/DerivedData/ModuleCache -fmodules-prune-interval=86400 -fmodules-prune-after=345600 -Wnon-modular-include-in-framework-module -Werror=non-modular-include-in-framework-module -Wno-trigraphs -fpascal-strings -O0 -Wno-missing-field-initializers -Wno-missing-prototypes -Werror=return-type -Wno-implicit-atomic-properties -Werror=deprecated-objc-isa-usage -Werror=objc-root-class -Wno-receiver-is-weak -Wno-arc-repeated-use-of-weak -Wduplicate-method-match -Wno-missing-braces -Wparentheses -Wswitch -Wunused-function -Wno-unused-label -Wno-unused-parameter -Wunused-variable -Wunused-value -Wempty-body -Wuninitialized -Wno-unknown-pragmas -Wno-shadow -Wno-four-char-constants -Wno-conversion -Wconstant-conversion -Wint-conversion -Wbool-conversion -Wenum-conversion -Wshorten-64-to-32 -Wpointer-sign -Wno-newline-eof -Wno-selector -Wno-strict-selector-match -Wundeclared-selector -Wno-deprecated-implementations -DDEBUG=1 -isysroot /Applications/Xcode.app/Contents/Developer/Platforms/iPhoneSimulator.platform/Developer/SDKs/iPhoneSimulator8.0.sdk -fexceptions -fasm-blocks -fstrict-aliasing -Wprotocol -Wdeprecated-declarations -g -Wno-sign-conversion -fobjc-abi-version=2 -fobjc-legacy-dispatch -mios-simulator-version-min=7.0 -iquote /Users/example/Library/Developer/Xcode/DerivedData/Example-gzxkuommzsgsxicqlcnrrqgobshp/Build/Intermediates/Example.build/Debug-iphonesimulator/Example.build/Example-generated-files.hmap -I/Users/example/Library/Developer/Xcode/DerivedData/Example-gzxkuommzsgsxicqlcnrrqgobshp/Build/Intermediates/Example.build/Debug-iphonesimulator/Example.build/Example-own-target-headers.hmap -I/Users/example/Library/Developer/Xcode/DerivedData/Example-gzxkuommzsgsxicqlcnrrqgobshp/Build/Intermediates/Example.build/Debug-iphonesimulator/Example.build/Example-all-target-headers.hmap -iquote /Users/example/Library/Developer/Xcode/DerivedData/Example-gzxkuommzsgsxicqlcnrrqgobshp/Build/Intermediates/Example.build/Debug-iphonesimulator/Example.build/Example-project-headers.hmap -I/Users/example/Library/Developer/Xcode/DerivedData/Example-gzxkuommzsgsxicqlcnrrqgobshp/Build/Products/Debug-iphonesimulator/include -I/Applications/Xcode.app/Contents/Developer/Toolchains/XcodeDefault.xctoolchain/usr/include -I/Users/example/Library/Developer/Xcode/DerivedData/Example-gzxkuommzsgsxicqlcnrrqgobshp/Build/Intermediates/Example.build/Debug-iphonesimulator/Example.build/DerivedSources/i386 -I/Users/example/Library/Developer/Xcode/DerivedData/Example-gzxkuommzsgsxicqlcnrrqgobshp/Build/Intermediates/Example.build/Debug-iphonesimulator/Example.build/DerivedSources -F/Users/example/Library/Developer/Xcode/DerivedData/Example-gzxkuommzsgsxicqlcnrrqgobshp/Build/Products/Debug-iphonesimulator -include /Users/example/Library/Developer/Xcode/DerivedData/Example-gzxkuommzsgsxicqlcnrrqgobshp/Build/Intermediates/PrecompiledHeaders/Example-Prefix-erpmudeliimrxqgwnweapoapmmdn/Example-Prefix.pch -MMD -MT dependencies -MF /Users/example/Library/Developer/Xcode/DerivedData/Example-gzxkuommzsgsxicqlcnrrqgobshp/Build/Intermediates/Example.build/Debug-iphonesimulator/Example.build/Objects-normal/i386/FirstViewController.d --serialize-diagnostics /Users/example/Library/Developer/Xcode/DerivedData/Example-gzxkuommzsgsxicqlcnrrqgobshp/Build/Intermediates/Example.build/Debug-iphonesimulator/Example.build/Objects-normal/i386/FirstViewController.dia -c /Users/example/workspace/openbakery/xcodePlugin/gradle-xcodePlugin/example/Example/Example/FirstViewController.m -o /Users/example/Library/Developer/Xcode/DerivedData/Example-gzxkuommzsgsxicqlcnrrqgobshp/Build/Intermediates/Example.build/Debug-iphonesimulator/Example.build/Objects-normal/i386/FirstViewController.o

CompileC /Users/example/Library/Developer/Xcode/DerivedData/Example-gzxkuommzsgsxicqlcnrrqgobshp/Build/Intermediates/Example.build/Debug-iphonesimulator/Example.build/Objects-normal/i386/main.o Example/main.m normal i386 objective-c com.apple.compilers.llvm.clang.1_0.compiler
    cd /Users/example/workspace/openbakery/xcodePlugin/gradle-xcodePlugin/example/Example
    export LANG=en_US.US-ASCII
    export PATH="/Applications/Xcode.app/Contents/Developer/Platforms/iPhoneSimulator.platform/Developer/usr/bin:/Applications/Xcode.app/Contents/Developer/usr/bin:/usr/bin:/bin:/usr/sbin:/sbin:/usr/local/bin:/opt/X11/bin:/usr/local/git/bin:/usr/local/MacGPG2/bin:/usr/local/git/bin:/Users/example/Java/gradle/bin:/Applications/Xcode.app/Contents/Developer/usr/bin/:/Users/example/.rvm/bin"
    /Applications/Xcode.app/Contents/Developer/Toolchains/XcodeDefault.xctoolchain/usr/bin/clang -x objective-c -arch i386 -fmessage-length=0 -fdiagnostics-show-note-include-stack -fmacro-backtrace-limit=0 -std=gnu99 -fobjc-arc -fmodules -fmodules-cache-path=/Users/example/Library/Developer/Xcode/DerivedData/ModuleCache -fmodules-prune-interval=86400 -fmodules-prune-after=345600 -Wnon-modular-include-in-framework-module -Werror=non-modular-include-in-framework-module -Wno-trigraphs -fpascal-strings -O0 -Wno-missing-field-initializers -Wno-missing-prototypes -Werror=return-type -Wno-implicit-atomic-properties -Werror=deprecated-objc-isa-usage -Werror=objc-root-class -Wno-receiver-is-weak -Wno-arc-repeated-use-of-weak -Wduplicate-method-match -Wno-missing-braces -Wparentheses -Wswitch -Wunused-function -Wno-unused-label -Wno-unused-parameter -Wunused-variable -Wunused-value -Wempty-body -Wuninitialized -Wno-unknown-pragmas -Wno-shadow -Wno-four-char-constants -Wno-conversion -Wconstant-conversion -Wint-conversion -Wbool-conversion -Wenum-conversion -Wshorten-64-to-32 -Wpointer-sign -Wno-newline-eof -Wno-selector -Wno-strict-selector-match -Wundeclared-selector -Wno-deprecated-implementations -DDEBUG=1 -isysroot /Applications/Xcode.app/Contents/Developer/Platforms/iPhoneSimulator.platform/Developer/SDKs/iPhoneSimulator8.0.sdk -fexceptions -fasm-blocks -fstrict-aliasing -Wprotocol -Wdeprecated-declarations -g -Wno-sign-conversion -fobjc-abi-version=2 -fobjc-legacy-dispatch -mios-simulator-version-min=7.0 -iquote /Users/example/Library/Developer/Xcode/DerivedData/Example-gzxkuommzsgsxicqlcnrrqgobshp/Build/Intermediates/Example.build/Debug-iphonesimulator/Example.build/Example-generated-files.hmap -I/Users/example/Library/Developer/Xcode/DerivedData/Example-gzxkuommzsgsxicqlcnrrqgobshp/Build/Intermediates/Example.build/Debug-iphonesimulator/Example.build/Example-own-target-headers.hmap -I/Users/example/Library/Developer/Xcode/DerivedData/Example-gzxkuommzsgsxicqlcnrrqgobshp/Build/Intermediates/Example.build/Debug-iphonesimulator/Example.build/Example-all-target-headers.hmap -iquote /Users/example/Library/Developer/Xcode/DerivedData/Example-gzxkuommzsgsxicqlcnrrqgobshp/Build/Intermediates/Example.build/Debug-iphonesimulator/Example.build/Example-project-headers.hmap -I/Users/example/Library/Developer/Xcode/DerivedData/Example-gzxkuommzsgsxicqlcnrrqgobshp/Build/Products/Debug-iphonesimulator/include -I/Applications/Xcode.app/Contents/Developer/Toolchains/XcodeDefault.xctoolchain/usr/include -I/Users/example/Library/Developer/Xcode/DerivedData/Example-gzxkuommzsgsxicqlcnrrqgobshp/Build/Intermediates/Example.build/Debug-iphonesimulator/Example.build/DerivedSources/i386 -I/Users/example/Library/Developer/Xcode/DerivedData/Example-gzxkuommzsgsxicqlcnrrqgobshp/Build/Intermediates/Example.build/Debug-iphonesimulator/Example.build/DerivedSources -F/Users/example/Library/Developer/Xcode/DerivedData/Example-gzxkuommzsgsxicqlcnrrqgobshp/Build/Products/Debug-iphonesimulator -include /Users/example/Library/Developer/Xcode/DerivedData/Example-gzxkuommzsgsxicqlcnrrqgobshp/Build/Intermediates/PrecompiledHeaders/Example-Prefix-erpmudeliimrxqgwnweapoapmmdn/Example-Prefix.pch -MMD -MT dependencies -MF /Users/example/Library/Developer/Xcode/DerivedData/Example-gzxkuommzsgsxicqlcnrrqgobshp/Build/Intermediates/Example.build/Debug-iphonesimulator/Example.build/Objects-normal/i386/main.d --serialize-diagnostics /Users/example/Library/Developer/Xcode/DerivedData/Example-gzxkuommzsgsxicqlcnrrqgobshp/Build/Intermediates/Example.build/Debug-iphonesimulator/Example.build/Objects-normal/i386/main.dia -c /Users/example/workspace/openbakery/xcodePlugin/gradle-xcodePlugin/example/Example/Example/main.m -o /Users/example/Library/Developer/Xcode/DerivedData/Example-gzxkuommzsgsxicqlcnrrqgobshp/Build/Intermediates/Example.build/Debug-iphonesimulator/Example.build/Objects-normal/i386/main.o

Ld /Users/example/Library/Developer/Xcode/DerivedData/Example-gzxkuommzsgsxicqlcnrrqgobshp/Build/Products/Debug-iphonesimulator/Example.app/Example normal i386
    cd /Users/example/workspace/openbakery/xcodePlugin/gradle-xcodePlugin/example/Example
    export IPHONEOS_DEPLOYMENT_TARGET=7.0
    export PATH="/Applications/Xcode.app/Contents/Developer/Platforms/iPhoneSimulator.platform/Developer/usr/bin:/Applications/Xcode.app/Contents/Developer/usr/bin:/usr/bin:/bin:/usr/sbin:/sbin:/usr/local/bin:/opt/X11/bin:/usr/local/git/bin:/usr/local/MacGPG2/bin:/usr/local/git/bin:/Users/example/Java/gradle/bin:/Applications/Xcode.app/Contents/Developer/usr/bin/:/Users/example/.rvm/bin"
    /Applications/Xcode.app/Contents/Developer/Toolchains/XcodeDefault.xctoolchain/usr/bin/clang -arch i386 -isysroot /Applications/Xcode.app/Contents/Developer/Platforms/iPhoneSimulator.platform/Developer/SDKs/iPhoneSimulator8.0.sdk -L/Users/example/Library/Developer/Xcode/DerivedData/Example-gzxkuommzsgsxicqlcnrrqgobshp/Build/Products/Debug-iphonesimulator -F/Users/example/Library/Developer/Xcode/DerivedData/Example-gzxkuommzsgsxicqlcnrrqgobshp/Build/Products/Debug-iphonesimulator -filelist /Users/example/Library/Developer/Xcode/DerivedData/Example-gzxkuommzsgsxicqlcnrrqgobshp/Build/Intermediates/Example.build/Debug-iphonesimulator/Example.build/Objects-normal/i386/Example.LinkFileList -Xlinker -objc_abi_version -Xlinker 2 -fobjc-arc -fobjc-link-runtime -Xlinker -no_implicit_dylibs -mios-simulator-version-min=7.0 -framework CoreGraphics -framework UIKit -framework Foundation -Xlinker -dependency_info -Xlinker /Users/example/Library/Developer/Xcode/DerivedData/Example-gzxkuommzsgsxicqlcnrrqgobshp/Build/Intermediates/Example.build/Debug-iphonesimulator/Example.build/Objects-normal/i386/Example_dependency_info.dat -o /Users/example/Library/Developer/Xcode/DerivedData/Example-gzxkuommzsgsxicqlcnrrqgobshp/Build/Products/Debug-iphonesimulator/Example.app/Example

GenerateDSYMFile /Users/example/Library/Developer/Xcode/DerivedData/Example-gzxkuommzsgsxicqlcnrrqgobshp/Build/Products/Debug-iphonesimulator/Example.app.dSYM /Users/example/Library/Developer/Xcode/DerivedData/Example-gzxkuommzsgsxicqlcnrrqgobshp/Build/Products/Debug-iphonesimulator/Example.app/Example
    cd /Users/example/workspace/openbakery/xcodePlugin/gradle-xcodePlugin/example/Example
    export PATH="/Applications/Xcode.app/Contents/Developer/Platforms/iPhoneSimulator.platform/Developer/usr/bin:/Applications/Xcode.app/Contents/Developer/usr/bin:/usr/bin:/bin:/usr/sbin:/sbin:/usr/local/bin:/opt/X11/bin:/usr/local/git/bin:/usr/local/MacGPG2/bin:/usr/local/git/bin:/Users/example/Java/gradle/bin:/Applications/Xcode.app/Contents/Developer/usr/bin/:/Users/example/.rvm/bin"
    /Applications/Xcode.app/Contents/Developer/Toolchains/XcodeDefault.xctoolchain/usr/bin/dsymutil /Users/example/Library/Developer/Xcode/DerivedData/Example-gzxkuommzsgsxicqlcnrrqgobshp/Build/Products/Debug-iphonesimulator/Example.app/Example -o /Users/example/Library/Developer/Xcode/DerivedData/Example-gzxkuommzsgsxicqlcnrrqgobshp/Build/Products/Debug-iphonesimulator/Example.app.dSYM

Touch /Users/example/Library/Developer/Xcode/DerivedData/Example-gzxkuommzsgsxicqlcnrrqgobshp/Build/Products/Debug-iphonesimulator/Example.app
    cd /Users/example/workspace/openbakery/xcodePlugin/gradle-xcodePlugin/example/Example
    export PATH="/Applications/Xcode.app/Contents/Developer/Platforms/iPhoneSimulator.platform/Developer/usr/bin:/Applications/Xcode.app/Contents/Developer/usr/bin:/usr/bin:/bin:/usr/sbin:/sbin:/usr/local/bin:/opt/X11/bin:/usr/local/git/bin:/usr/local/MacGPG2/bin:/usr/local/git/bin:/Users/example/Java/gradle/bin:/Applications/Xcode.app/Contents/Developer/usr/bin/:/Users/example/.rvm/bin"
    /usr/bin/touch -c /Users/example/Library/Developer/Xcode/DerivedData/Example-gzxkuommzsgsxicqlcnrrqgobshp/Build/Products/Debug-iphonesimulator/Example.app

=== BUILD TARGET ExampleTests OF PROJECT Example WITH CONFIGURATION Debug ===

Check dependencies

CompileC /Users/example/Library/Developer/Xcode/DerivedData/Example-gzxkuommzsgsxicqlcnrrqgobshp/Build/Intermediates/Example.build/Debug-iphonesimulator/ExampleTests.build/Objects-normal/i386/ExampleTests.o ExampleTests/ExampleTests.m normal i386 objective-c com.apple.compilers.llvm.clang.1_0.compiler
    cd /Users/example/workspace/openbakery/xcodePlugin/gradle-xcodePlugin/example/Example
    export LANG=en_US.US-ASCII
    export PATH="/Applications/Xcode.app/Contents/Developer/Platforms/iPhoneSimulator.platform/Developer/usr/bin:/Applications/Xcode.app/Contents/Developer/usr/bin:/usr/bin:/bin:/usr/sbin:/sbin:/usr/local/bin:/opt/X11/bin:/usr/local/git/bin:/usr/local/MacGPG2/bin:/usr/local/git/bin:/Users/example/Java/gradle/bin:/Applications/Xcode.app/Contents/Developer/usr/bin/:/Users/example/.rvm/bin"
    /Applications/Xcode.app/Contents/Developer/Toolchains/XcodeDefault.xctoolchain/usr/bin/clang -x objective-c -arch i386 -fmessage-length=0 -fdiagnostics-show-note-include-stack -fmacro-backtrace-limit=0 -std=gnu99 -fobjc-arc -fmodules -fmodules-cache-path=/Users/example/Library/Developer/Xcode/DerivedData/ModuleCache -fmodules-prune-interval=86400 -fmodules-prune-after=345600 -Wnon-modular-include-in-framework-module -Werror=non-modular-include-in-framework-module -Wno-trigraphs -fpascal-strings -O0 -Wno-missing-field-initializers -Wno-missing-prototypes -Werror=return-type -Wno-implicit-atomic-properties -Werror=deprecated-objc-isa-usage -Werror=objc-root-class -Wno-receiver-is-weak -Wno-arc-repeated-use-of-weak -Wduplicate-method-match -Wno-missing-braces -Wparentheses -Wswitch -Wunused-function -Wno-unused-label -Wno-unused-parameter -Wunused-variable -Wunused-value -Wempty-body -Wuninitialized -Wno-unknown-pragmas -Wno-shadow -Wno-four-char-constants -Wno-conversion -Wconstant-conversion -Wint-conversion -Wbool-conversion -Wenum-conversion -Wshorten-64-to-32 -Wpointer-sign -Wno-newline-eof -Wno-selector -Wno-strict-selector-match -Wundeclared-selector -Wno-deprecated-implementations -DDEBUG=1 -DDEBUG=1 -isysroot /Applications/Xcode.app/Contents/Developer/Platforms/iPhoneSimulator.platform/Developer/SDKs/iPhoneSimulator8.0.sdk -fexceptions -fasm-blocks -fstrict-aliasing -Wprotocol -Wdeprecated-declarations -g -Wno-sign-conversion -fobjc-abi-version=2 -fobjc-legacy-dispatch -mios-simulator-version-min=7.0 -iquote /Users/example/Library/Developer/Xcode/DerivedData/Example-gzxkuommzsgsxicqlcnrrqgobshp/Build/Intermediates/Example.build/Debug-iphonesimulator/ExampleTests.build/ExampleTests-generated-files.hmap -I/Users/example/Library/Developer/Xcode/DerivedData/Example-gzxkuommzsgsxicqlcnrrqgobshp/Build/Intermediates/Example.build/Debug-iphonesimulator/ExampleTests.build/ExampleTests-own-target-headers.hmap -I/Users/example/Library/Developer/Xcode/DerivedData/Example-gzxkuommzsgsxicqlcnrrqgobshp/Build/Intermediates/Example.build/Debug-iphonesimulator/ExampleTests.build/ExampleTests-all-target-headers.hmap -iquote /Users/example/Library/Developer/Xcode/DerivedData/Example-gzxkuommzsgsxicqlcnrrqgobshp/Build/Intermediates/Example.build/Debug-iphonesimulator/ExampleTests.build/ExampleTests-project-headers.hmap -I/Users/example/Library/Developer/Xcode/DerivedData/Example-gzxkuommzsgsxicqlcnrrqgobshp/Build/Products/Debug-iphonesimulator/include -I/Applications/Xcode.app/Contents/Developer/Toolchains/XcodeDefault.xctoolchain/usr/include -I/Users/example/Library/Developer/Xcode/DerivedData/Example-gzxkuommzsgsxicqlcnrrqgobshp/Build/Intermediates/Example.build/Debug-iphonesimulator/ExampleTests.build/DerivedSources/i386 -I/Users/example/Library/Developer/Xcode/DerivedData/Example-gzxkuommzsgsxicqlcnrrqgobshp/Build/Intermediates/Example.build/Debug-iphonesimulator/ExampleTests.build/DerivedSources -F/Users/example/Library/Developer/Xcode/DerivedData/Example-gzxkuommzsgsxicqlcnrrqgobshp/Build/Products/Debug-iphonesimulator -F/Applications/Xcode.app/Contents/Developer/Platforms/iPhoneSimulator.platform/Developer/SDKs/iPhoneSimulator8.0.sdk/Developer/Library/Frameworks -F/Applications/Xcode.app/Contents/Developer/Library/Frameworks -F/Applications/Xcode.app/Contents/Developer/Platforms/iPhoneSimulator.platform/Developer/Library/Frameworks -F/Applications/Xcode.app/Contents/Developer/Platforms/iPhoneSimulator.platform/Developer/SDKs/iPhoneSimulator8.0.sdk/Developer/Library/Frameworks -include /Users/example/Library/Developer/Xcode/DerivedData/Example-gzxkuommzsgsxicqlcnrrqgobshp/Build/Intermediates/PrecompiledHeaders/Example-Prefix-acdqhvibqngspqcpkwqtdjprohex/Example-Prefix.pch -MMD -MT dependencies -MF /Users/example/Library/Developer/Xcode/DerivedData/Example-gzxkuommzsgsxicqlcnrrqgobshp/Build/Intermediates/Example.build/Debug-iphonesimulator/ExampleTests.build/Objects-normal/i386/ExampleTests.d --serialize-diagnostics /Users/example/Library/Developer/Xcode/DerivedData/Example-gzxkuommzsgsxicqlcnrrqgobshp/Build/Intermediates/Example.build/Debug-iphonesimulator/ExampleTests.build/Objects-normal/i386/ExampleTests.dia -c /Users/example/workspace/openbakery/xcodePlugin/gradle-xcodePlugin/example/Example/ExampleTests/ExampleTests.m -o /Users/example/Library/Developer/Xcode/DerivedData/Example-gzxkuommzsgsxicqlcnrrqgobshp/Build/Intermediates/Example.build/Debug-iphonesimulator/ExampleTests.build/Objects-normal/i386/ExampleTests.o

Ld /Users/example/Library/Developer/Xcode/DerivedData/Example-gzxkuommzsgsxicqlcnrrqgobshp/Build/Products/Debug-iphonesimulator/ExampleTests.xctest/ExampleTests normal i386
    cd /Users/example/workspace/openbakery/xcodePlugin/gradle-xcodePlugin/example/Example
    export IPHONEOS_DEPLOYMENT_TARGET=7.0
    export PATH="/Applications/Xcode.app/Contents/Developer/Platforms/iPhoneSimulator.platform/Developer/usr/bin:/Applications/Xcode.app/Contents/Developer/usr/bin:/usr/bin:/bin:/usr/sbin:/sbin:/usr/local/bin:/opt/X11/bin:/usr/local/git/bin:/usr/local/MacGPG2/bin:/usr/local/git/bin:/Users/example/Java/gradle/bin:/Applications/Xcode.app/Contents/Developer/usr/bin/:/Users/example/.rvm/bin"
    /Applications/Xcode.app/Contents/Developer/Toolchains/XcodeDefault.xctoolchain/usr/bin/clang -arch i386 -bundle -isysroot /Applications/Xcode.app/Contents/Developer/Platforms/iPhoneSimulator.platform/Developer/SDKs/iPhoneSimulator8.0.sdk -L/Users/example/Library/Developer/Xcode/DerivedData/Example-gzxkuommzsgsxicqlcnrrqgobshp/Build/Products/Debug-iphonesimulator -F/Users/example/Library/Developer/Xcode/DerivedData/Example-gzxkuommzsgsxicqlcnrrqgobshp/Build/Products/Debug-iphonesimulator -F/Applications/Xcode.app/Contents/Developer/Platforms/iPhoneSimulator.platform/Developer/SDKs/iPhoneSimulator8.0.sdk/Developer/Library/Frameworks -F/Applications/Xcode.app/Contents/Developer/Library/Frameworks -F/Applications/Xcode.app/Contents/Developer/Platforms/iPhoneSimulator.platform/Developer/Library/Frameworks -F/Applications/Xcode.app/Contents/Developer/Platforms/iPhoneSimulator.platform/Developer/SDKs/iPhoneSimulator8.0.sdk/Developer/Library/Frameworks -filelist /Users/example/Library/Developer/Xcode/DerivedData/Example-gzxkuommzsgsxicqlcnrrqgobshp/Build/Intermediates/Example.build/Debug-iphonesimulator/ExampleTests.build/Objects-normal/i386/ExampleTests.LinkFileList -bundle_loader /Users/example/Library/Developer/Xcode/DerivedData/Example-gzxkuommzsgsxicqlcnrrqgobshp/Build/Products/Debug-iphonesimulator/Example.app/Example -Xlinker -objc_abi_version -Xlinker 2 -framework XCTest -fobjc-arc -fobjc-link-runtime -Xlinker -no_implicit_dylibs -mios-simulator-version-min=7.0 -framework XCTest -framework UIKit -framework Foundation -Xlinker -dependency_info -Xlinker /Users/example/Library/Developer/Xcode/DerivedData/Example-gzxkuommzsgsxicqlcnrrqgobshp/Build/Intermediates/Example.build/Debug-iphonesimulator/ExampleTests.build/Objects-normal/i386/ExampleTests_dependency_info.dat -o /Users/example/Library/Developer/Xcode/DerivedData/Example-gzxkuommzsgsxicqlcnrrqgobshp/Build/Products/Debug-iphonesimulator/ExampleTests.xctest/ExampleTests

GenerateDSYMFile /Users/example/Library/Developer/Xcode/DerivedData/Example-gzxkuommzsgsxicqlcnrrqgobshp/Build/Products/Debug-iphonesimulator/ExampleTests.xctest.dSYM /Users/example/Library/Developer/Xcode/DerivedData/Example-gzxkuommzsgsxicqlcnrrqgobshp/Build/Products/Debug-iphonesimulator/ExampleTests.xctest/ExampleTests
    cd /Users/example/workspace/openbakery/xcodePlugin/gradle-xcodePlugin/example/Example
    export PATH="/Applications/Xcode.app/Contents/Developer/Platforms/iPhoneSimulator.platform/Developer/usr/bin:/Applications/Xcode.app/Contents/Developer/usr/bin:/usr/bin:/bin:/usr/sbin:/sbin:/usr/local/bin:/opt/X11/bin:/usr/local/git/bin:/usr/local/MacGPG2/bin:/usr/local/git/bin:/Users/example/Java/gradle/bin:/Applications/Xcode.app/Contents/Developer/usr/bin/:/Users/example/.rvm/bin"
    /Applications/Xcode.app/Contents/Developer/Toolchains/XcodeDefault.xctoolchain/usr/bin/dsymutil /Users/example/Library/Developer/Xcode/DerivedData/Example-gzxkuommzsgsxicqlcnrrqgobshp/Build/Products/Debug-iphonesimulator/ExampleTests.xctest/ExampleTests -o /Users/example/Library/Developer/Xcode/DerivedData/Example-gzxkuommzsgsxicqlcnrrqgobshp/Build/Products/Debug-iphonesimulator/ExampleTests.xctest.dSYM

Touch /Users/example/Library/Developer/Xcode/DerivedData/Example-gzxkuommzsgsxicqlcnrrqgobshp/Build/Products/Debug-iphonesimulator/ExampleTests.xctest
    cd /Users/example/workspace/openbakery/xcodePlugin/gradle-xcodePlugin/example/Example
    export PATH="/Applications/Xcode.app/Contents/Developer/Platforms/iPhoneSimulator.platform/Developer/usr/bin:/Applications/Xcode.app/Contents/Developer/usr/bin:/usr/bin:/bin:/usr/sbin:/sbin:/usr/local/bin:/opt/X11/bin:/usr/local/git/bin:/usr/local/MacGPG2/bin:/usr/local/git/bin:/Users/example/Java/gradle/bin:/Applications/Xcode.app/Contents/Developer/usr/bin/:/Users/example/.rvm/bin"
    /usr/bin/touch -c /Users/example/Library/Developer/Xcode/DerivedData/Example-gzxkuommzsgsxicqlcnrrqgobshp/Build/Products/Debug-iphonesimulator/ExampleTests.xctest

2014-10-08 11:21:30.042 xcodebuild[8142:4303]  iPhoneSimulator: Sim iPhone 4s is booted but getenv returned nil for test connection socket path.
 Will retry in 1s (1 attempts so far).
Failing tests:
	-[ExampleTests testExample]
** TEST FAILED **

Test Suite 'All tests' started at 2014-10-08 09:21:28 +0000
Test Suite 'ExampleTests.xctest' started at 2014-10-08 09:21:28 +0000
Test Suite 'ExampleTests' started at 2014-10-08 09:21:28 +0000
Test Case '-[ExampleTests testExample]' started.
/Users/example/workspace/openbakery/xcodePlugin/gradle-xcodePlugin/example/Example/ExampleTests/ExampleTests.m:31: error: -[ExampleTests testExample] : failed - fail
Test Case '-[ExampleTests testExample]' failed (0.001 seconds).
Test Suite 'ExampleTests' failed at 2014-10-08 09:21:28 +0000.
	 Executed 1 test, with 1 failure (0 unexpected) in 0.001 (0.002) seconds
Test Suite 'ExampleTests.xctest' failed at 2014-10-08 09:21:28 +0000.
	 Executed 1 test, with 1 failure (0 unexpected) in 0.001 (0.003) seconds
Test Suite 'All tests' failed at 2014-10-08 09:21:28 +0000.
	 Executed 1 test, with 1 failure (0 unexpected) in 0.001 (0.005) seconds
Test Suite 'All tests' started at 2014-10-08 09:21:35 +0000
Test Suite 'ExampleTests.xctest' started at 2014-10-08 09:21:35 +0000
Test Suite 'ExampleTests' started at 2014-10-08 09:21:35 +0000
Test Case '-[ExampleTests testExample]' started.
/Users/example/workspace/openbakery/xcodePlugin/gradle-xcodePlugin/example/Example/ExampleTests/ExampleTests.m:31: error: -[ExampleTests testExample] : failed - fail
Test Case '-[ExampleTests testExample]' failed (0.001 seconds).
Test Suite 'ExampleTests' failed at 2014-10-08 09:21:35 +0000.
	 Executed 1 test, with 1 failure (0 unexpected) in 0.001 (0.002) seconds
Test Suite 'ExampleTests.xctest' failed at 2014-10-08 09:21:35 +0000.
	 Executed 1 test, with 1 failure (0 unexpected) in 0.001 (0.003) seconds
Test Suite 'All tests' failed at 2014-10-08 09:21:35 +0000.
	 Executed 1 test, with 1 failure (0 unexpected) in 0.001 (0.005) seconds
